<?xml version="1.0" encoding="UTF-8"?>
<testng-results skipped="0" failed="0" total="4" passed="4">
  <reporter-output>
  </reporter-output>
  <suite name="Default suite" duration-ms="47" started-at="2021-04-21T05:09:39Z" finished-at="2021-04-21T05:09:39Z">
    <groups>
    </groups>
    <test name="Default test" duration-ms="47" started-at="2021-04-21T05:09:39Z" finished-at="2021-04-21T05:09:39Z">
      <class name="TestClass">
        <test-method status="PASS" signature="init()[pri:0, instance:TestClass@6d8a00e3]" name="init" is-config="true" duration-ms="15" started-at="2021-04-21T10:39:39Z" finished-at="2021-04-21T10:39:39Z">
          <reporter-output>
          </reporter-output>
        </test-method> <!-- init -->
        <test-method status="PASS" signature="adding_Single_Number_itself()[pri:0, instance:TestClass@6d8a00e3]" name="adding_Single_Number_itself" duration-ms="0" started-at="2021-04-21T10:39:39Z" finished-at="2021-04-21T10:39:39Z">
          <reporter-output>
          </reporter-output>
        </test-method> <!-- adding_Single_Number_itself -->
        <test-method status="PASS" signature="adding_Three_Numbers()[pri:0, instance:TestClass@6d8a00e3]" name="adding_Three_Numbers" duration-ms="16" started-at="2021-04-21T10:39:39Z" finished-at="2021-04-21T10:39:39Z">
          <reporter-output>
          </reporter-output>
        </test-method> <!-- adding_Three_Numbers -->
        <test-method status="PASS" signature="adding_Two_Numbers_Separated_By_Comma()[pri:0, instance:TestClass@6d8a00e3]" name="adding_Two_Numbers_Separated_By_Comma" duration-ms="0" started-at="2021-04-21T10:39:39Z" finished-at="2021-04-21T10:39:39Z">
          <reporter-output>
          </reporter-output>
        </test-method> <!-- adding_Two_Numbers_Separated_By_Comma -->
        <test-method status="PASS" signature="empty_String_ReturnZero()[pri:0, instance:TestClass@6d8a00e3]" name="empty_String_ReturnZero" duration-ms="0" started-at="2021-04-21T10:39:39Z" finished-at="2021-04-21T10:39:39Z">
          <reporter-output>
          </reporter-output>
        </test-method> <!-- empty_String_ReturnZero -->
      </class> <!-- TestClass -->
    </test> <!-- Default test -->
  </suite> <!-- Default suite -->
</testng-results>
