<?xml version="1.0" encoding="UTF-8"?>
<!-- Generated by org.testng.reporters.JUnitXMLReporter -->
<testsuite hostname="LAPTOP-E9O4RST6" tests="8" failures="0" timestamp="21 Apr 2021 07:35:43 GMT" time="0.078" errors="0">
  <testcase name="Multiple_negetive_Number_Input" time="0.0" classname="TestClass"/>
  <testcase name="adding_Single_Number_itself" time="0.0" classname="TestClass"/>
  <testcase name="adding_Three_Numbers" time="0.0" classname="TestClass"/>
  <testcase name="adding_Two_Numbers_Separated_By_Comma" time="0.0" classname="TestClass"/>
  <testcase name="adding_Two_Numbers_StartWith_double_Slash" time="0.0" classname="TestClass"/>
  <testcase name="adding_Two_Numbers_With_NewLine" time="0.0" classname="TestClass"/>
  <testcase name="empty_String_ReturnZero" time="0.0" classname="TestClass"/>
  <testcase name="negetive_Number_Input" time="0.015" classname="TestClass"/>
</testsuite>
