<?xml version="1.0" encoding="UTF-8"?>
<!-- Generated by org.testng.reporters.JUnitXMLReporter -->
<testsuite hostname="LAPTOP-E9O4RST6" tests="10" failures="0" timestamp="21 Apr 2021 13:50:14 GMT" time="0.124" errors="0">
  <testcase name="Multiple_negetive_Number_Input" time="0.007" classname="TestClass"/>
  <testcase name="adding_Single_Number_itself" time="0.003" classname="TestClass"/>
  <testcase name="adding_Three_Numbers" time="0.002" classname="TestClass"/>
  <testcase name="adding_Two_Numbers_Separated_By_Comma" time="0.001" classname="TestClass"/>
  <testcase name="adding_Two_Numbers_StartWith_double_Slash" time="0.001" classname="TestClass"/>
  <testcase name="adding_Two_Numbers_With_Greater_Than_1000" time="0.002" classname="TestClass"/>
  <testcase name="adding_Two_Numbers_With_NewLine" time="0.003" classname="TestClass"/>
  <testcase name="delimiters_of_any_length" time="0.001" classname="TestClass"/>
  <testcase name="empty_String_ReturnZero" time="0.001" classname="TestClass"/>
  <testcase name="negetive_Number_Input" time="0.001" classname="TestClass"/>
</testsuite>
